<?xml version="1.0" encoding="UTF-8"?>
<!-- Generated by org.testng.reporters.JUnitReportReporter -->
<testsuite hostname="LAPTOP-NQG4B5CE" failures="0" tests="1" name="testcases.regression.ValidateLoginUsingHybrid" time="81.734" errors="0" timestamp="2025-03-09T15:19:49 IST" skipped="0">
  <testcase classname="testcases.regression.ValidateLoginUsingHybrid" name="validLogin" time="81.734"/>
</testsuite> <!-- testcases.regression.ValidateLoginUsingHybrid -->
