<?xml version="1.0" encoding="UTF-8"?>
<!-- Generated by org.testng.reporters.JUnitReportReporter -->
<testsuite hostname="LAPTOP-NQG4B5CE" failures="0" tests="3" name="testcases.regression.ValidateLoginTestUsingExcel" time="29.879" errors="0" timestamp="2025-10-30T11:26:02 IST" skipped="0">
  <testcase classname="testcases.regression.ValidateLoginTestUsingExcel" name="validateLogin" time="7.400"/>
  <testcase classname="testcases.regression.ValidateLoginTestUsingExcel" name="validLoginTestCase2" time="7.713"/>
  <testcase classname="testcases.regression.ValidateLoginTestUsingExcel" name="validLoginTestCase3" time="14.766"/>
</testsuite> <!-- testcases.regression.ValidateLoginTestUsingExcel -->
