<?xml version="1.0" encoding="UTF-8"?>
<!-- Generated by org.testng.reporters.JUnitReportReporter -->
<testsuite hostname="LAPTOP-NQG4B5CE" failures="0" tests="1" name="testcases.regression.ValidateLoginTestUsingExcel2" time="31.660" errors="0" timestamp="2025-02-06T10:33:30 IST" skipped="0">
  <testcase classname="testcases.regression.ValidateLoginTestUsingExcel2" name="validateLogin" time="31.660"/>
</testsuite> <!-- testcases.regression.ValidateLoginTestUsingExcel2 -->
