<?xml version="1.0" encoding="UTF-8"?>
<!-- Generated by org.testng.reporters.JUnitReportReporter -->
<testsuite hostname="LAPTOP-NQG4B5CE" failures="0" tests="1" name="testcases.regression.ValidateLoginUsingKeywords" time="14.463" errors="0" timestamp="2025-02-08T10:59:25 IST" skipped="0">
  <testcase classname="testcases.regression.ValidateLoginUsingKeywords" name="validLogin" time="14.463"/>
</testsuite> <!-- testcases.regression.ValidateLoginUsingKeywords -->
