<?xml version="1.0" encoding="UTF-8"?>
<!-- Generated by org.testng.reporters.JUnitReportReporter -->
<testsuite hostname="LAPTOP-NQG4B5CE" failures="0" tests="3" name="testcases.regression.ValidateLoginTestUsingExcel" time="55.308" errors="0" timestamp="2025-10-22T11:45:32 IST" skipped="0">
  <testcase classname="testcases.regression.ValidateLoginTestUsingExcel" name="validateLogin" time="9.403"/>
  <testcase classname="testcases.regression.ValidateLoginTestUsingExcel" name="validLoginTestCase2" time="29.837"/>
  <testcase classname="testcases.regression.ValidateLoginTestUsingExcel" name="validLoginTestCase3" time="16.068"/>
</testsuite> <!-- testcases.regression.ValidateLoginTestUsingExcel -->
