<?xml version="1.0" encoding="UTF-8"?>
<!-- Generated by org.testng.reporters.JUnitReportReporter -->
<testsuite hostname="LAPTOP-NQG4B5CE" failures="0" tests="3" name="testcases.regression.ValidateLoginTestUsingExcel" time="32.172" errors="0" timestamp="2025-10-30T12:20:54 IST" skipped="0">
  <testcase classname="testcases.regression.ValidateLoginTestUsingExcel" name="validateLogin" time="7.090"/>
  <testcase classname="testcases.regression.ValidateLoginTestUsingExcel" name="validLoginTestCase2" time="14.087"/>
  <testcase classname="testcases.regression.ValidateLoginTestUsingExcel" name="validLoginTestCase3" time="10.995"/>
</testsuite> <!-- testcases.regression.ValidateLoginTestUsingExcel -->
